<?xml version="1.0" encoding="UTF-8"?>
<!-- Generated by org.testng.reporters.JUnitXMLReporter -->
<testsuite ignored="0" hostname="MAVPUN0522086" failures="1" tests="1" name="Default test" time="520.709" errors="0" timestamp="2024-08-19T18:17:11 IST">
  <testcase classname="io.cucumber.testng.AbstractTestNGCucumberTests" name="runScenario" time="520.113">
    <failure type="java.lang.AssertionError" message="expected [Welcome johndoe] but found [Your account was created successfully. You are now logged in.]">
      <![CDATA[java.lang.AssertionError: expected [Welcome johndoe] but found [Your account was created successfully. You are now logged in.]
at org.testng.Assert.fail(Assert.java:99)
at org.testng.Assert.failNotEquals(Assert.java:1037)
at org.testng.Assert.assertEqualsImpl(Assert.java:140)
at org.testng.Assert.assertEquals(Assert.java:122)
at org.testng.Assert.assertEquals(Assert.java:629)
at org.testng.Assert.assertEquals(Assert.java:639)
at StepDefinitions.StepDefinitionforRegistration.iShouldSeeAConfirmationMessage(StepDefinitionforRegistration.java:75)
at ✽.I should see a confirmation message "Your account was created successfully. You are now logged in."(file:///C:/Users/chiragsinghp/git/UI_Automation_Frameowrk/src/test/resources/features/Bank_Registration.feature:9)
]]>
    </failure>
  </testcase> <!-- runScenario -->
</testsuite> <!-- Default test -->
